Traceback (most recent call last):
  File "/home/user/webapp/downloads_server.py", line 27, in <module>
    with socketserver.TCPServer(("0.0.0.0", PORT), CustomHandler) as httpd:
         ^^^^^^^^^^^^^^^^^^^^^^^^^^^^^^^^^^^^^^^^^^^^^^^^^^^^^^^^
  File "/usr/local/lib/python3.12/socketserver.py", line 457, in __init__
    self.server_bind()
  File "/usr/local/lib/python3.12/socketserver.py", line 478, in server_bind
    self.socket.bind(self.server_address)
OSError: [Errno 98] Address already in use
Traceback (most recent call last):
  File "/home/user/webapp/downloads_server.py", line 27, in <module>
    with socketserver.TCPServer(("0.0.0.0", PORT), CustomHandler) as httpd:
         ^^^^^^^^^^^^^^^^^^^^^^^^^^^^^^^^^^^^^^^^^^^^^^^^^^^^^^^^
  File "/usr/local/lib/python3.12/socketserver.py", line 457, in __init__
    self.server_bind()
  File "/usr/local/lib/python3.12/socketserver.py", line 478, in server_bind
    self.socket.bind(self.server_address)
OSError: [Errno 98] Address already in use
Traceback (most recent call last):
  File "/home/user/webapp/downloads_server.py", line 27, in <module>
    with socketserver.TCPServer(("0.0.0.0", PORT), CustomHandler) as httpd:
         ^^^^^^^^^^^^^^^^^^^^^^^^^^^^^^^^^^^^^^^^^^^^^^^^^^^^^^^^
  File "/usr/local/lib/python3.12/socketserver.py", line 457, in __init__
    self.server_bind()
  File "/usr/local/lib/python3.12/socketserver.py", line 478, in server_bind
    self.socket.bind(self.server_address)
OSError: [Errno 98] Address already in use
Traceback (most recent call last):
  File "/home/user/webapp/downloads_server.py", line 27, in <module>
    with socketserver.TCPServer(("0.0.0.0", PORT), CustomHandler) as httpd:
         ^^^^^^^^^^^^^^^^^^^^^^^^^^^^^^^^^^^^^^^^^^^^^^^^^^^^^^^^
  File "/usr/local/lib/python3.12/socketserver.py", line 457, in __init__
    self.server_bind()
  File "/usr/local/lib/python3.12/socketserver.py", line 478, in server_bind
    self.socket.bind(self.server_address)
OSError: [Errno 98] Address already in use
Traceback (most recent call last):
  File "/home/user/webapp/downloads_server.py", line 27, in <module>
    with socketserver.TCPServer(("0.0.0.0", PORT), CustomHandler) as httpd:
         ^^^^^^^^^^^^^^^^^^^^^^^^^^^^^^^^^^^^^^^^^^^^^^^^^^^^^^^^
  File "/usr/local/lib/python3.12/socketserver.py", line 457, in __init__
    self.server_bind()
  File "/usr/local/lib/python3.12/socketserver.py", line 478, in server_bind
    self.socket.bind(self.server_address)
OSError: [Errno 98] Address already in use
Traceback (most recent call last):
  File "/home/user/webapp/downloads_server.py", line 27, in <module>
    with socketserver.TCPServer(("0.0.0.0", PORT), CustomHandler) as httpd:
         ^^^^^^^^^^^^^^^^^^^^^^^^^^^^^^^^^^^^^^^^^^^^^^^^^^^^^^^^
  File "/usr/local/lib/python3.12/socketserver.py", line 457, in __init__
    self.server_bind()
  File "/usr/local/lib/python3.12/socketserver.py", line 478, in server_bind
    self.socket.bind(self.server_address)
OSError: [Errno 98] Address already in use
Traceback (most recent call last):
  File "/home/user/webapp/downloads_server.py", line 27, in <module>
    with socketserver.TCPServer(("0.0.0.0", PORT), CustomHandler) as httpd:
         ^^^^^^^^^^^^^^^^^^^^^^^^^^^^^^^^^^^^^^^^^^^^^^^^^^^^^^^^
  File "/usr/local/lib/python3.12/socketserver.py", line 457, in __init__
    self.server_bind()
  File "/usr/local/lib/python3.12/socketserver.py", line 478, in server_bind
    self.socket.bind(self.server_address)
OSError: [Errno 98] Address already in use
Traceback (most recent call last):
  File "/home/user/webapp/downloads_server.py", line 27, in <module>
    with socketserver.TCPServer(("0.0.0.0", PORT), CustomHandler) as httpd:
         ^^^^^^^^^^^^^^^^^^^^^^^^^^^^^^^^^^^^^^^^^^^^^^^^^^^^^^^^
  File "/usr/local/lib/python3.12/socketserver.py", line 457, in __init__
    self.server_bind()
  File "/usr/local/lib/python3.12/socketserver.py", line 478, in server_bind
    self.socket.bind(self.server_address)
OSError: [Errno 98] Address already in use
Traceback (most recent call last):
  File "/home/user/webapp/downloads_server.py", line 27, in <module>
    with socketserver.TCPServer(("0.0.0.0", PORT), CustomHandler) as httpd:
         ^^^^^^^^^^^^^^^^^^^^^^^^^^^^^^^^^^^^^^^^^^^^^^^^^^^^^^^^
  File "/usr/local/lib/python3.12/socketserver.py", line 457, in __init__
    self.server_bind()
  File "/usr/local/lib/python3.12/socketserver.py", line 478, in server_bind
    self.socket.bind(self.server_address)
OSError: [Errno 98] Address already in use
Traceback (most recent call last):
  File "/home/user/webapp/downloads_server.py", line 27, in <module>
    with socketserver.TCPServer(("0.0.0.0", PORT), CustomHandler) as httpd:
         ^^^^^^^^^^^^^^^^^^^^^^^^^^^^^^^^^^^^^^^^^^^^^^^^^^^^^^^^
  File "/usr/local/lib/python3.12/socketserver.py", line 457, in __init__
    self.server_bind()
  File "/usr/local/lib/python3.12/socketserver.py", line 478, in server_bind
    self.socket.bind(self.server_address)
OSError: [Errno 98] Address already in use
Traceback (most recent call last):
  File "/home/user/webapp/downloads_server.py", line 27, in <module>
    with socketserver.TCPServer(("0.0.0.0", PORT), CustomHandler) as httpd:
         ^^^^^^^^^^^^^^^^^^^^^^^^^^^^^^^^^^^^^^^^^^^^^^^^^^^^^^^^
  File "/usr/local/lib/python3.12/socketserver.py", line 457, in __init__
    self.server_bind()
  File "/usr/local/lib/python3.12/socketserver.py", line 478, in server_bind
    self.socket.bind(self.server_address)
OSError: [Errno 98] Address already in use
